

Terminals which are not used:

   WHITE



Grammar
rule 1    codeFile -> codeFile lines
rule 2    codeFile -> lines
rule 3    lines -> LABEL ID ID ID NL
rule 4    lines -> LABEL ID ID NL
rule 5    lines -> LABEL ID NL
rule 6    lines -> ID ID ID NL
rule 7    lines -> ID ID NL
rule 8    lines -> ID NL
rule 9    lines -> NL

Terminals, with rules where they appear

$ (-1)
error (256)
ID (258) 3 4 5 6 7 8
LABEL (259) 3 4 5
NL (260) 3 4 5 6 7 8 9
WHITE (261)

Nonterminals, with rules where they appear

codeFile (7)
    on left: 1 2, on right: 1
lines (8)
    on left: 3 4 5 6 7 8 9, on right: 1 2


state 0

    ID  	shift, and go to state 1
    LABEL	shift, and go to state 2
    NL  	shift, and go to state 3

    codeFile	go to state 4
    lines	go to state 5



state 1

    lines  ->  ID . ID ID NL   (rule 6)
    lines  ->  ID . ID NL   (rule 7)
    lines  ->  ID . NL   (rule 8)

    ID  	shift, and go to state 6
    NL  	shift, and go to state 7



state 2

    lines  ->  LABEL . ID ID ID NL   (rule 3)
    lines  ->  LABEL . ID ID NL   (rule 4)
    lines  ->  LABEL . ID NL   (rule 5)

    ID  	shift, and go to state 8



state 3

    lines  ->  NL .   (rule 9)

    $default	reduce using rule 9 (lines)



state 4

    codeFile  ->  codeFile . lines   (rule 1)

    $   	go to state 18
    ID  	shift, and go to state 1
    LABEL	shift, and go to state 2
    NL  	shift, and go to state 3

    lines	go to state 9



state 5

    codeFile  ->  lines .   (rule 2)

    $default	reduce using rule 2 (codeFile)



state 6

    lines  ->  ID ID . ID NL   (rule 6)
    lines  ->  ID ID . NL   (rule 7)

    ID  	shift, and go to state 10
    NL  	shift, and go to state 11



state 7

    lines  ->  ID NL .   (rule 8)

    $default	reduce using rule 8 (lines)



state 8

    lines  ->  LABEL ID . ID ID NL   (rule 3)
    lines  ->  LABEL ID . ID NL   (rule 4)
    lines  ->  LABEL ID . NL   (rule 5)

    ID  	shift, and go to state 12
    NL  	shift, and go to state 13



state 9

    codeFile  ->  codeFile lines .   (rule 1)

    $default	reduce using rule 1 (codeFile)



state 10

    lines  ->  ID ID ID . NL   (rule 6)

    NL  	shift, and go to state 14



state 11

    lines  ->  ID ID NL .   (rule 7)

    $default	reduce using rule 7 (lines)



state 12

    lines  ->  LABEL ID ID . ID NL   (rule 3)
    lines  ->  LABEL ID ID . NL   (rule 4)

    ID  	shift, and go to state 15
    NL  	shift, and go to state 16



state 13

    lines  ->  LABEL ID NL .   (rule 5)

    $default	reduce using rule 5 (lines)



state 14

    lines  ->  ID ID ID NL .   (rule 6)

    $default	reduce using rule 6 (lines)



state 15

    lines  ->  LABEL ID ID ID . NL   (rule 3)

    NL  	shift, and go to state 17



state 16

    lines  ->  LABEL ID ID NL .   (rule 4)

    $default	reduce using rule 4 (lines)



state 17

    lines  ->  LABEL ID ID ID NL .   (rule 3)

    $default	reduce using rule 3 (lines)



state 18

    $   	go to state 19



state 19

    $default	accept
